::1 - - [08/Feb/2021:19:57:59 +0000] "GET /product HTTP/1.1" 200 - "-" "Mozilla/5.0 (Windows NT 10.0; Win64; x64) AppleWebKit/537.36 (KHTML, like Gecko) Chrome/88.0.4324.146 Safari/537.36"
::1 - - [08/Feb/2021:19:58:06 +0000] "GET /product HTTP/1.1" 200 - "-" "Mozilla/5.0 (Windows NT 10.0; Win64; x64) AppleWebKit/537.36 (KHTML, like Gecko) Chrome/88.0.4324.146 Safari/537.36"
::1 - - [09/Feb/2021:11:07:47 +0000] "GET / HTTP/1.1" 404 139 "-" "Mozilla/5.0 (Windows NT 10.0; Win64; x64) AppleWebKit/537.36 (KHTML, like Gecko) Chrome/88.0.4324.146 Safari/537.36"
::1 - - [09/Feb/2021:11:07:51 +0000] "GET /product HTTP/1.1" 200 - "-" "Mozilla/5.0 (Windows NT 10.0; Win64; x64) AppleWebKit/537.36 (KHTML, like Gecko) Chrome/88.0.4324.146 Safari/537.36"
::1 - - [09/Feb/2021:11:07:51 +0000] "GET /favicon.ico HTTP/1.1" 404 150 "-" "Mozilla/5.0 (Windows NT 10.0; Win64; x64) AppleWebKit/537.36 (KHTML, like Gecko) Chrome/88.0.4324.146 Safari/537.36"
::1 - - [09/Feb/2021:11:08:58 +0000] "OPTIONS /status HTTP/1.1" 200 8 "http://localhost:4200/" "Mozilla/5.0 (Windows NT 10.0; Win64; x64) AppleWebKit/537.36 (KHTML, like Gecko) Chrome/88.0.4324.146 Safari/537.36"
::1 - - [09/Feb/2021:11:08:58 +0000] "GET /status HTTP/1.1" 401 62 "http://localhost:4200/" "Mozilla/5.0 (Windows NT 10.0; Win64; x64) AppleWebKit/537.36 (KHTML, like Gecko) Chrome/88.0.4324.146 Safari/537.36"
::1 - - [09/Feb/2021:11:08:58 +0000] "OPTIONS /favourites HTTP/1.1" 200 8 "http://localhost:4200/" "Mozilla/5.0 (Windows NT 10.0; Win64; x64) AppleWebKit/537.36 (KHTML, like Gecko) Chrome/88.0.4324.146 Safari/537.36"
::1 - - [09/Feb/2021:11:08:58 +0000] "OPTIONS /product HTTP/1.1" 200 13 "http://localhost:4200/" "Mozilla/5.0 (Windows NT 10.0; Win64; x64) AppleWebKit/537.36 (KHTML, like Gecko) Chrome/88.0.4324.146 Safari/537.36"
::1 - - [09/Feb/2021:11:08:58 +0000] "GET /product HTTP/1.1" 304 - "http://localhost:4200/" "Mozilla/5.0 (Windows NT 10.0; Win64; x64) AppleWebKit/537.36 (KHTML, like Gecko) Chrome/88.0.4324.146 Safari/537.36"
::1 - - [09/Feb/2021:11:08:58 +0000] "GET /favourites HTTP/1.1" 200 194 "http://localhost:4200/" "Mozilla/5.0 (Windows NT 10.0; Win64; x64) AppleWebKit/537.36 (KHTML, like Gecko) Chrome/88.0.4324.146 Safari/537.36"
::1 - - [09/Feb/2021:11:08:58 +0000] "GET /images/5fe112f0897b742c70949c4d/1612218353363-mac.jpg HTTP/1.1" 200 13482 "http://localhost:4200/" "Mozilla/5.0 (Windows NT 10.0; Win64; x64) AppleWebKit/537.36 (KHTML, like Gecko) Chrome/88.0.4324.146 Safari/537.36"
::1 - - [09/Feb/2021:11:08:58 +0000] "GET /images/5fe10cb5ee27d23bf0493b71/1612219168593-dell-xps.jpg HTTP/1.1" 200 19387 "http://localhost:4200/" "Mozilla/5.0 (Windows NT 10.0; Win64; x64) AppleWebKit/537.36 (KHTML, like Gecko) Chrome/88.0.4324.146 Safari/537.36"
::1 - - [09/Feb/2021:11:08:58 +0000] "GET /images/5fe9fd223619c440bc37af11/1612550861234-iphone_img_1.jpg HTTP/1.1" 200 336733 "http://localhost:4200/" "Mozilla/5.0 (Windows NT 10.0; Win64; x64) AppleWebKit/537.36 (KHTML, like Gecko) Chrome/88.0.4324.146 Safari/537.36"
::1 - - [09/Feb/2021:11:08:58 +0000] "GET /images/601c609c9eef0b312096b2bf/1612472476529-vlcsnap-2020-10-05-00h38m16s908.png HTTP/1.1" 200 585539 "http://localhost:4200/" "Mozilla/5.0 (Windows NT 10.0; Win64; x64) AppleWebKit/537.36 (KHTML, like Gecko) Chrome/88.0.4324.146 Safari/537.36"
::1 - - [09/Feb/2021:11:08:58 +0000] "GET /images/601d92f12fe73727787ae6c4/1612550897861-admin_marking_attendance.PNG HTTP/1.1" 200 1044121 "http://localhost:4200/" "Mozilla/5.0 (Windows NT 10.0; Win64; x64) AppleWebKit/537.36 (KHTML, like Gecko) Chrome/88.0.4324.146 Safari/537.36"
::1 - - [09/Feb/2021:11:09:25 +0000] "OPTIONS /login HTTP/1.1" 200 4 "http://localhost:4200/" "Mozilla/5.0 (Windows NT 10.0; Win64; x64) AppleWebKit/537.36 (KHTML, like Gecko) Chrome/88.0.4324.146 Safari/537.36"
::1 - - [09/Feb/2021:11:09:26 +0000] "POST /login HTTP/1.1" 201 185 "http://localhost:4200/" "Mozilla/5.0 (Windows NT 10.0; Win64; x64) AppleWebKit/537.36 (KHTML, like Gecko) Chrome/88.0.4324.146 Safari/537.36"
::1 - - [09/Feb/2021:11:09:36 +0000] "OPTIONS /product/5fe10cb5ee27d23bf0493b71 HTTP/1.1" 200 19 "http://localhost:4200/" "Mozilla/5.0 (Windows NT 10.0; Win64; x64) AppleWebKit/537.36 (KHTML, like Gecko) Chrome/88.0.4324.146 Safari/537.36"
::1 - - [09/Feb/2021:11:09:36 +0000] "GET /product/5fe10cb5ee27d23bf0493b71 HTTP/1.1" 200 328 "http://localhost:4200/" "Mozilla/5.0 (Windows NT 10.0; Win64; x64) AppleWebKit/537.36 (KHTML, like Gecko) Chrome/88.0.4324.146 Safari/537.36"
::1 - - [09/Feb/2021:11:09:43 +0000] "OPTIONS /product HTTP/1.1" 200 13 "http://localhost:4200/" "Mozilla/5.0 (Windows NT 10.0; Win64; x64) AppleWebKit/537.36 (KHTML, like Gecko) Chrome/88.0.4324.146 Safari/537.36"
::1 - - [09/Feb/2021:11:09:43 +0000] "GET /product HTTP/1.1" 304 - "http://localhost:4200/" "Mozilla/5.0 (Windows NT 10.0; Win64; x64) AppleWebKit/537.36 (KHTML, like Gecko) Chrome/88.0.4324.146 Safari/537.36"
::1 - - [09/Feb/2021:11:09:46 +0000] "OPTIONS /product/601d92f12fe73727787ae6c4 HTTP/1.1" 200 19 "http://localhost:4200/" "Mozilla/5.0 (Windows NT 10.0; Win64; x64) AppleWebKit/537.36 (KHTML, like Gecko) Chrome/88.0.4324.146 Safari/537.36"
::1 - - [09/Feb/2021:11:09:46 +0000] "DELETE /product/601d92f12fe73727787ae6c4 HTTP/1.1" 200 40 "http://localhost:4200/" "Mozilla/5.0 (Windows NT 10.0; Win64; x64) AppleWebKit/537.36 (KHTML, like Gecko) Chrome/88.0.4324.146 Safari/537.36"
::1 - - [09/Feb/2021:11:09:47 +0000] "OPTIONS /status HTTP/1.1" 200 8 "http://localhost:4200/" "Mozilla/5.0 (Windows NT 10.0; Win64; x64) AppleWebKit/537.36 (KHTML, like Gecko) Chrome/88.0.4324.146 Safari/537.36"
::1 - - [09/Feb/2021:11:09:47 +0000] "GET /status HTTP/1.1" 200 42 "http://localhost:4200/" "Mozilla/5.0 (Windows NT 10.0; Win64; x64) AppleWebKit/537.36 (KHTML, like Gecko) Chrome/88.0.4324.146 Safari/537.36"
::1 - - [09/Feb/2021:11:09:47 +0000] "GET /product HTTP/1.1" 200 - "http://localhost:4200/" "Mozilla/5.0 (Windows NT 10.0; Win64; x64) AppleWebKit/537.36 (KHTML, like Gecko) Chrome/88.0.4324.146 Safari/537.36"
::1 - - [09/Feb/2021:11:09:47 +0000] "GET /images/5fe10cb5ee27d23bf0493b71/1612219168593-dell-xps.jpg HTTP/1.1" 304 - "http://localhost:4200/" "Mozilla/5.0 (Windows NT 10.0; Win64; x64) AppleWebKit/537.36 (KHTML, like Gecko) Chrome/88.0.4324.146 Safari/537.36"
::1 - - [09/Feb/2021:11:09:47 +0000] "GET /images/5fe112f0897b742c70949c4d/1612218353363-mac.jpg HTTP/1.1" 304 - "http://localhost:4200/" "Mozilla/5.0 (Windows NT 10.0; Win64; x64) AppleWebKit/537.36 (KHTML, like Gecko) Chrome/88.0.4324.146 Safari/537.36"
::1 - - [09/Feb/2021:11:09:47 +0000] "GET /images/5fe9fd223619c440bc37af11/1612550861234-iphone_img_1.jpg HTTP/1.1" 304 - "http://localhost:4200/" "Mozilla/5.0 (Windows NT 10.0; Win64; x64) AppleWebKit/537.36 (KHTML, like Gecko) Chrome/88.0.4324.146 Safari/537.36"
::1 - - [09/Feb/2021:11:09:47 +0000] "GET /images/601c609c9eef0b312096b2bf/1612472476529-vlcsnap-2020-10-05-00h38m16s908.png HTTP/1.1" 304 - "http://localhost:4200/" "Mozilla/5.0 (Windows NT 10.0; Win64; x64) AppleWebKit/537.36 (KHTML, like Gecko) Chrome/88.0.4324.146 Safari/537.36"
::1 - - [09/Feb/2021:11:09:50 +0000] "OPTIONS /favourites HTTP/1.1" 200 8 "http://localhost:4200/" "Mozilla/5.0 (Windows NT 10.0; Win64; x64) AppleWebKit/537.36 (KHTML, like Gecko) Chrome/88.0.4324.146 Safari/537.36"
::1 - - [09/Feb/2021:11:09:50 +0000] "OPTIONS /product HTTP/1.1" 200 13 "http://localhost:4200/" "Mozilla/5.0 (Windows NT 10.0; Win64; x64) AppleWebKit/537.36 (KHTML, like Gecko) Chrome/88.0.4324.146 Safari/537.36"
::1 - - [09/Feb/2021:11:09:50 +0000] "GET /product HTTP/1.1" 304 - "http://localhost:4200/" "Mozilla/5.0 (Windows NT 10.0; Win64; x64) AppleWebKit/537.36 (KHTML, like Gecko) Chrome/88.0.4324.146 Safari/537.36"
::1 - - [09/Feb/2021:11:09:50 +0000] "GET /favourites HTTP/1.1" 304 - "http://localhost:4200/" "Mozilla/5.0 (Windows NT 10.0; Win64; x64) AppleWebKit/537.36 (KHTML, like Gecko) Chrome/88.0.4324.146 Safari/537.36"
::1 - - [09/Feb/2021:11:11:08 +0000] "OPTIONS /product/5fe10cb5ee27d23bf0493b71 HTTP/1.1" 200 19 "http://localhost:4200/" "Mozilla/5.0 (Windows NT 10.0; Win64; x64) AppleWebKit/537.36 (KHTML, like Gecko) Chrome/88.0.4324.146 Safari/537.36"
::1 - - [09/Feb/2021:11:11:08 +0000] "GET /product/5fe10cb5ee27d23bf0493b71 HTTP/1.1" 304 - "http://localhost:4200/" "Mozilla/5.0 (Windows NT 10.0; Win64; x64) AppleWebKit/537.36 (KHTML, like Gecko) Chrome/88.0.4324.146 Safari/537.36"
::1 - - [09/Feb/2021:11:11:13 +0000] "OPTIONS /favourites HTTP/1.1" 200 8 "http://localhost:4200/" "Mozilla/5.0 (Windows NT 10.0; Win64; x64) AppleWebKit/537.36 (KHTML, like Gecko) Chrome/88.0.4324.146 Safari/537.36"
::1 - - [09/Feb/2021:11:11:13 +0000] "OPTIONS /product HTTP/1.1" 200 13 "http://localhost:4200/" "Mozilla/5.0 (Windows NT 10.0; Win64; x64) AppleWebKit/537.36 (KHTML, like Gecko) Chrome/88.0.4324.146 Safari/537.36"
::1 - - [09/Feb/2021:11:11:13 +0000] "GET /product HTTP/1.1" 304 - "http://localhost:4200/" "Mozilla/5.0 (Windows NT 10.0; Win64; x64) AppleWebKit/537.36 (KHTML, like Gecko) Chrome/88.0.4324.146 Safari/537.36"
::1 - - [09/Feb/2021:11:11:13 +0000] "GET /favourites HTTP/1.1" 304 - "http://localhost:4200/" "Mozilla/5.0 (Windows NT 10.0; Win64; x64) AppleWebKit/537.36 (KHTML, like Gecko) Chrome/88.0.4324.146 Safari/537.36"
::1 - - [09/Feb/2021:11:11:15 +0000] "OPTIONS /product/5fe112f0897b742c70949c4d HTTP/1.1" 200 19 "http://localhost:4200/" "Mozilla/5.0 (Windows NT 10.0; Win64; x64) AppleWebKit/537.36 (KHTML, like Gecko) Chrome/88.0.4324.146 Safari/537.36"
::1 - - [09/Feb/2021:11:11:15 +0000] "GET /product/5fe112f0897b742c70949c4d HTTP/1.1" 200 370 "http://localhost:4200/" "Mozilla/5.0 (Windows NT 10.0; Win64; x64) AppleWebKit/537.36 (KHTML, like Gecko) Chrome/88.0.4324.146 Safari/537.36"
::1 - - [09/Feb/2021:11:11:18 +0000] "GET /product HTTP/1.1" 304 - "http://localhost:4200/" "Mozilla/5.0 (Windows NT 10.0; Win64; x64) AppleWebKit/537.36 (KHTML, like Gecko) Chrome/88.0.4324.146 Safari/537.36"
::1 - - [09/Feb/2021:11:11:18 +0000] "GET /favourites HTTP/1.1" 304 - "http://localhost:4200/" "Mozilla/5.0 (Windows NT 10.0; Win64; x64) AppleWebKit/537.36 (KHTML, like Gecko) Chrome/88.0.4324.146 Safari/537.36"
::1 - - [09/Feb/2021:11:11:20 +0000] "OPTIONS /product/5fe9fd223619c440bc37af11 HTTP/1.1" 200 19 "http://localhost:4200/" "Mozilla/5.0 (Windows NT 10.0; Win64; x64) AppleWebKit/537.36 (KHTML, like Gecko) Chrome/88.0.4324.146 Safari/537.36"
::1 - - [09/Feb/2021:11:11:20 +0000] "GET /product/5fe9fd223619c440bc37af11 HTTP/1.1" 200 467 "http://localhost:4200/" "Mozilla/5.0 (Windows NT 10.0; Win64; x64) AppleWebKit/537.36 (KHTML, like Gecko) Chrome/88.0.4324.146 Safari/537.36"
::1 - - [09/Feb/2021:11:11:20 +0000] "GET /images/5fe9fd223619c440bc37af11/1612550861243-iphone_img_3.jpg HTTP/1.1" 200 853435 "http://localhost:4200/" "Mozilla/5.0 (Windows NT 10.0; Win64; x64) AppleWebKit/537.36 (KHTML, like Gecko) Chrome/88.0.4324.146 Safari/537.36"
::1 - - [09/Feb/2021:11:11:20 +0000] "GET /images/5fe9fd223619c440bc37af11/1612550861249-iphone_img_2.jpg HTTP/1.1" 200 5382548 "http://localhost:4200/" "Mozilla/5.0 (Windows NT 10.0; Win64; x64) AppleWebKit/537.36 (KHTML, like Gecko) Chrome/88.0.4324.146 Safari/537.36"
::1 - - [09/Feb/2021:11:11:33 +0000] "OPTIONS /cart HTTP/1.1" 200 26 "http://localhost:4200/" "Mozilla/5.0 (Windows NT 10.0; Win64; x64) AppleWebKit/537.36 (KHTML, like Gecko) Chrome/88.0.4324.146 Safari/537.36"
::1 - - [09/Feb/2021:11:11:33 +0000] "GET /cart HTTP/1.1" 200 11 "http://localhost:4200/" "Mozilla/5.0 (Windows NT 10.0; Win64; x64) AppleWebKit/537.36 (KHTML, like Gecko) Chrome/88.0.4324.146 Safari/537.36"
::1 - - [09/Feb/2021:11:11:36 +0000] "OPTIONS /favourites HTTP/1.1" 200 8 "http://localhost:4200/" "Mozilla/5.0 (Windows NT 10.0; Win64; x64) AppleWebKit/537.36 (KHTML, like Gecko) Chrome/88.0.4324.146 Safari/537.36"
::1 - - [09/Feb/2021:11:11:36 +0000] "OPTIONS /product HTTP/1.1" 200 13 "http://localhost:4200/" "Mozilla/5.0 (Windows NT 10.0; Win64; x64) AppleWebKit/537.36 (KHTML, like Gecko) Chrome/88.0.4324.146 Safari/537.36"
::1 - - [09/Feb/2021:11:11:36 +0000] "GET /product HTTP/1.1" 304 - "http://localhost:4200/" "Mozilla/5.0 (Windows NT 10.0; Win64; x64) AppleWebKit/537.36 (KHTML, like Gecko) Chrome/88.0.4324.146 Safari/537.36"
::1 - - [09/Feb/2021:11:11:36 +0000] "GET /favourites HTTP/1.1" 304 - "http://localhost:4200/" "Mozilla/5.0 (Windows NT 10.0; Win64; x64) AppleWebKit/537.36 (KHTML, like Gecko) Chrome/88.0.4324.146 Safari/537.36"
::1 - - [09/Feb/2021:11:16:13 +0000] "OPTIONS /status HTTP/1.1" 200 8 "http://localhost:4200/" "Mozilla/5.0 (Windows NT 10.0; Win64; x64) AppleWebKit/537.36 (KHTML, like Gecko) Chrome/88.0.4324.146 Safari/537.36"
::1 - - [09/Feb/2021:11:16:13 +0000] "GET /status HTTP/1.1" 304 - "http://localhost:4200/" "Mozilla/5.0 (Windows NT 10.0; Win64; x64) AppleWebKit/537.36 (KHTML, like Gecko) Chrome/88.0.4324.146 Safari/537.36"
::1 - - [09/Feb/2021:11:16:13 +0000] "OPTIONS /favourites HTTP/1.1" 200 8 "http://localhost:4200/" "Mozilla/5.0 (Windows NT 10.0; Win64; x64) AppleWebKit/537.36 (KHTML, like Gecko) Chrome/88.0.4324.146 Safari/537.36"
::1 - - [09/Feb/2021:11:16:13 +0000] "OPTIONS /product HTTP/1.1" 200 13 "http://localhost:4200/" "Mozilla/5.0 (Windows NT 10.0; Win64; x64) AppleWebKit/537.36 (KHTML, like Gecko) Chrome/88.0.4324.146 Safari/537.36"
::1 - - [09/Feb/2021:11:16:13 +0000] "GET /favourites HTTP/1.1" 304 - "http://localhost:4200/" "Mozilla/5.0 (Windows NT 10.0; Win64; x64) AppleWebKit/537.36 (KHTML, like Gecko) Chrome/88.0.4324.146 Safari/537.36"
::1 - - [09/Feb/2021:11:16:13 +0000] "GET /product HTTP/1.1" 304 - "http://localhost:4200/" "Mozilla/5.0 (Windows NT 10.0; Win64; x64) AppleWebKit/537.36 (KHTML, like Gecko) Chrome/88.0.4324.146 Safari/537.36"
::1 - - [09/Feb/2021:11:16:13 +0000] "GET /images/5fe9fd223619c440bc37af11/1612550861234-iphone_img_1.jpg HTTP/1.1" 304 - "http://localhost:4200/" "Mozilla/5.0 (Windows NT 10.0; Win64; x64) AppleWebKit/537.36 (KHTML, like Gecko) Chrome/88.0.4324.146 Safari/537.36"
::1 - - [09/Feb/2021:11:16:13 +0000] "GET /images/5fe10cb5ee27d23bf0493b71/1612219168593-dell-xps.jpg HTTP/1.1" 304 - "http://localhost:4200/" "Mozilla/5.0 (Windows NT 10.0; Win64; x64) AppleWebKit/537.36 (KHTML, like Gecko) Chrome/88.0.4324.146 Safari/537.36"
::1 - - [09/Feb/2021:11:16:13 +0000] "GET /images/5fe112f0897b742c70949c4d/1612218353363-mac.jpg HTTP/1.1" 304 - "http://localhost:4200/" "Mozilla/5.0 (Windows NT 10.0; Win64; x64) AppleWebKit/537.36 (KHTML, like Gecko) Chrome/88.0.4324.146 Safari/537.36"
::1 - - [09/Feb/2021:11:16:13 +0000] "GET /images/601c609c9eef0b312096b2bf/1612472476529-vlcsnap-2020-10-05-00h38m16s908.png HTTP/1.1" 304 - "http://localhost:4200/" "Mozilla/5.0 (Windows NT 10.0; Win64; x64) AppleWebKit/537.36 (KHTML, like Gecko) Chrome/88.0.4324.146 Safari/537.36"
::1 - - [09/Feb/2021:11:16:38 +0000] "OPTIONS /status HTTP/1.1" 200 8 "http://localhost:4200/" "Mozilla/5.0 (Windows NT 10.0; Win64; x64) AppleWebKit/537.36 (KHTML, like Gecko) Chrome/88.0.4324.146 Safari/537.36"
::1 - - [09/Feb/2021:11:16:38 +0000] "GET /status HTTP/1.1" 304 - "http://localhost:4200/" "Mozilla/5.0 (Windows NT 10.0; Win64; x64) AppleWebKit/537.36 (KHTML, like Gecko) Chrome/88.0.4324.146 Safari/537.36"
::1 - - [09/Feb/2021:11:16:38 +0000] "OPTIONS /favourites HTTP/1.1" 200 8 "http://localhost:4200/" "Mozilla/5.0 (Windows NT 10.0; Win64; x64) AppleWebKit/537.36 (KHTML, like Gecko) Chrome/88.0.4324.146 Safari/537.36"
::1 - - [09/Feb/2021:11:16:38 +0000] "OPTIONS /product HTTP/1.1" 200 13 "http://localhost:4200/" "Mozilla/5.0 (Windows NT 10.0; Win64; x64) AppleWebKit/537.36 (KHTML, like Gecko) Chrome/88.0.4324.146 Safari/537.36"
::1 - - [09/Feb/2021:11:16:38 +0000] "GET /product HTTP/1.1" 304 - "http://localhost:4200/" "Mozilla/5.0 (Windows NT 10.0; Win64; x64) AppleWebKit/537.36 (KHTML, like Gecko) Chrome/88.0.4324.146 Safari/537.36"
::1 - - [09/Feb/2021:11:16:38 +0000] "GET /favourites HTTP/1.1" 304 - "http://localhost:4200/" "Mozilla/5.0 (Windows NT 10.0; Win64; x64) AppleWebKit/537.36 (KHTML, like Gecko) Chrome/88.0.4324.146 Safari/537.36"
::1 - - [09/Feb/2021:11:16:39 +0000] "GET /images/5fe9fd223619c440bc37af11/1612550861234-iphone_img_1.jpg HTTP/1.1" 304 - "http://localhost:4200/" "Mozilla/5.0 (Windows NT 10.0; Win64; x64) AppleWebKit/537.36 (KHTML, like Gecko) Chrome/88.0.4324.146 Safari/537.36"
::1 - - [09/Feb/2021:11:16:39 +0000] "GET /images/5fe10cb5ee27d23bf0493b71/1612219168593-dell-xps.jpg HTTP/1.1" 304 - "http://localhost:4200/" "Mozilla/5.0 (Windows NT 10.0; Win64; x64) AppleWebKit/537.36 (KHTML, like Gecko) Chrome/88.0.4324.146 Safari/537.36"
::1 - - [09/Feb/2021:11:16:39 +0000] "GET /images/5fe112f0897b742c70949c4d/1612218353363-mac.jpg HTTP/1.1" 304 - "http://localhost:4200/" "Mozilla/5.0 (Windows NT 10.0; Win64; x64) AppleWebKit/537.36 (KHTML, like Gecko) Chrome/88.0.4324.146 Safari/537.36"
::1 - - [09/Feb/2021:11:16:39 +0000] "GET /images/601c609c9eef0b312096b2bf/1612472476529-vlcsnap-2020-10-05-00h38m16s908.png HTTP/1.1" 304 - "http://localhost:4200/" "Mozilla/5.0 (Windows NT 10.0; Win64; x64) AppleWebKit/537.36 (KHTML, like Gecko) Chrome/88.0.4324.146 Safari/537.36"
::1 - - [09/Feb/2021:11:17:09 +0000] "OPTIONS /status HTTP/1.1" 200 8 "http://localhost:4200/" "Mozilla/5.0 (Windows NT 10.0; Win64; x64) AppleWebKit/537.36 (KHTML, like Gecko) Chrome/88.0.4324.146 Safari/537.36"
::1 - - [09/Feb/2021:11:17:09 +0000] "GET /status HTTP/1.1" 304 - "http://localhost:4200/" "Mozilla/5.0 (Windows NT 10.0; Win64; x64) AppleWebKit/537.36 (KHTML, like Gecko) Chrome/88.0.4324.146 Safari/537.36"
::1 - - [09/Feb/2021:11:17:09 +0000] "OPTIONS /favourites HTTP/1.1" 200 8 "http://localhost:4200/" "Mozilla/5.0 (Windows NT 10.0; Win64; x64) AppleWebKit/537.36 (KHTML, like Gecko) Chrome/88.0.4324.146 Safari/537.36"
::1 - - [09/Feb/2021:11:17:09 +0000] "OPTIONS /product HTTP/1.1" 200 13 "http://localhost:4200/" "Mozilla/5.0 (Windows NT 10.0; Win64; x64) AppleWebKit/537.36 (KHTML, like Gecko) Chrome/88.0.4324.146 Safari/537.36"
::1 - - [09/Feb/2021:11:17:09 +0000] "GET /favourites HTTP/1.1" 304 - "http://localhost:4200/" "Mozilla/5.0 (Windows NT 10.0; Win64; x64) AppleWebKit/537.36 (KHTML, like Gecko) Chrome/88.0.4324.146 Safari/537.36"
::1 - - [09/Feb/2021:11:17:09 +0000] "GET /product HTTP/1.1" 304 - "http://localhost:4200/" "Mozilla/5.0 (Windows NT 10.0; Win64; x64) AppleWebKit/537.36 (KHTML, like Gecko) Chrome/88.0.4324.146 Safari/537.36"
::1 - - [09/Feb/2021:11:17:09 +0000] "GET /images/5fe9fd223619c440bc37af11/1612550861234-iphone_img_1.jpg HTTP/1.1" 304 - "http://localhost:4200/" "Mozilla/5.0 (Windows NT 10.0; Win64; x64) AppleWebKit/537.36 (KHTML, like Gecko) Chrome/88.0.4324.146 Safari/537.36"
::1 - - [09/Feb/2021:11:17:09 +0000] "GET /images/5fe10cb5ee27d23bf0493b71/1612219168593-dell-xps.jpg HTTP/1.1" 304 - "http://localhost:4200/" "Mozilla/5.0 (Windows NT 10.0; Win64; x64) AppleWebKit/537.36 (KHTML, like Gecko) Chrome/88.0.4324.146 Safari/537.36"
::1 - - [09/Feb/2021:11:17:09 +0000] "GET /images/5fe112f0897b742c70949c4d/1612218353363-mac.jpg HTTP/1.1" 304 - "http://localhost:4200/" "Mozilla/5.0 (Windows NT 10.0; Win64; x64) AppleWebKit/537.36 (KHTML, like Gecko) Chrome/88.0.4324.146 Safari/537.36"
::1 - - [09/Feb/2021:11:17:09 +0000] "GET /images/601c609c9eef0b312096b2bf/1612472476529-vlcsnap-2020-10-05-00h38m16s908.png HTTP/1.1" 304 - "http://localhost:4200/" "Mozilla/5.0 (Windows NT 10.0; Win64; x64) AppleWebKit/537.36 (KHTML, like Gecko) Chrome/88.0.4324.146 Safari/537.36"
::1 - - [09/Feb/2021:11:17:27 +0000] "OPTIONS /status HTTP/1.1" 200 8 "http://localhost:4200/" "Mozilla/5.0 (Windows NT 10.0; Win64; x64) AppleWebKit/537.36 (KHTML, like Gecko) Chrome/88.0.4324.146 Safari/537.36"
::1 - - [09/Feb/2021:11:17:27 +0000] "GET /status HTTP/1.1" 304 - "http://localhost:4200/" "Mozilla/5.0 (Windows NT 10.0; Win64; x64) AppleWebKit/537.36 (KHTML, like Gecko) Chrome/88.0.4324.146 Safari/537.36"
::1 - - [09/Feb/2021:11:17:27 +0000] "OPTIONS /favourites HTTP/1.1" 200 8 "http://localhost:4200/" "Mozilla/5.0 (Windows NT 10.0; Win64; x64) AppleWebKit/537.36 (KHTML, like Gecko) Chrome/88.0.4324.146 Safari/537.36"
::1 - - [09/Feb/2021:11:17:27 +0000] "OPTIONS /product HTTP/1.1" 200 13 "http://localhost:4200/" "Mozilla/5.0 (Windows NT 10.0; Win64; x64) AppleWebKit/537.36 (KHTML, like Gecko) Chrome/88.0.4324.146 Safari/537.36"
::1 - - [09/Feb/2021:11:17:27 +0000] "GET /product HTTP/1.1" 304 - "http://localhost:4200/" "Mozilla/5.0 (Windows NT 10.0; Win64; x64) AppleWebKit/537.36 (KHTML, like Gecko) Chrome/88.0.4324.146 Safari/537.36"
::1 - - [09/Feb/2021:11:17:27 +0000] "GET /favourites HTTP/1.1" 304 - "http://localhost:4200/" "Mozilla/5.0 (Windows NT 10.0; Win64; x64) AppleWebKit/537.36 (KHTML, like Gecko) Chrome/88.0.4324.146 Safari/537.36"
::1 - - [09/Feb/2021:11:17:27 +0000] "GET /images/5fe9fd223619c440bc37af11/1612550861234-iphone_img_1.jpg HTTP/1.1" 304 - "http://localhost:4200/" "Mozilla/5.0 (Windows NT 10.0; Win64; x64) AppleWebKit/537.36 (KHTML, like Gecko) Chrome/88.0.4324.146 Safari/537.36"
::1 - - [09/Feb/2021:11:17:27 +0000] "GET /images/5fe10cb5ee27d23bf0493b71/1612219168593-dell-xps.jpg HTTP/1.1" 304 - "http://localhost:4200/" "Mozilla/5.0 (Windows NT 10.0; Win64; x64) AppleWebKit/537.36 (KHTML, like Gecko) Chrome/88.0.4324.146 Safari/537.36"
::1 - - [09/Feb/2021:11:17:27 +0000] "GET /images/5fe112f0897b742c70949c4d/1612218353363-mac.jpg HTTP/1.1" 304 - "http://localhost:4200/" "Mozilla/5.0 (Windows NT 10.0; Win64; x64) AppleWebKit/537.36 (KHTML, like Gecko) Chrome/88.0.4324.146 Safari/537.36"
::1 - - [09/Feb/2021:11:17:27 +0000] "GET /images/601c609c9eef0b312096b2bf/1612472476529-vlcsnap-2020-10-05-00h38m16s908.png HTTP/1.1" 304 - "http://localhost:4200/" "Mozilla/5.0 (Windows NT 10.0; Win64; x64) AppleWebKit/537.36 (KHTML, like Gecko) Chrome/88.0.4324.146 Safari/537.36"
::1 - - [09/Feb/2021:11:17:47 +0000] "OPTIONS /status HTTP/1.1" 200 8 "http://localhost:4200/" "Mozilla/5.0 (Windows NT 10.0; Win64; x64) AppleWebKit/537.36 (KHTML, like Gecko) Chrome/88.0.4324.146 Safari/537.36"
::1 - - [09/Feb/2021:11:17:48 +0000] "GET /status HTTP/1.1" 304 - "http://localhost:4200/" "Mozilla/5.0 (Windows NT 10.0; Win64; x64) AppleWebKit/537.36 (KHTML, like Gecko) Chrome/88.0.4324.146 Safari/537.36"
::1 - - [09/Feb/2021:11:17:48 +0000] "OPTIONS /favourites HTTP/1.1" 200 8 "http://localhost:4200/" "Mozilla/5.0 (Windows NT 10.0; Win64; x64) AppleWebKit/537.36 (KHTML, like Gecko) Chrome/88.0.4324.146 Safari/537.36"
::1 - - [09/Feb/2021:11:17:48 +0000] "OPTIONS /product HTTP/1.1" 200 13 "http://localhost:4200/" "Mozilla/5.0 (Windows NT 10.0; Win64; x64) AppleWebKit/537.36 (KHTML, like Gecko) Chrome/88.0.4324.146 Safari/537.36"
::1 - - [09/Feb/2021:11:17:48 +0000] "GET /product HTTP/1.1" 304 - "http://localhost:4200/" "Mozilla/5.0 (Windows NT 10.0; Win64; x64) AppleWebKit/537.36 (KHTML, like Gecko) Chrome/88.0.4324.146 Safari/537.36"
::1 - - [09/Feb/2021:11:17:48 +0000] "GET /favourites HTTP/1.1" 304 - "http://localhost:4200/" "Mozilla/5.0 (Windows NT 10.0; Win64; x64) AppleWebKit/537.36 (KHTML, like Gecko) Chrome/88.0.4324.146 Safari/537.36"
::1 - - [09/Feb/2021:11:17:48 +0000] "GET /images/5fe9fd223619c440bc37af11/1612550861234-iphone_img_1.jpg HTTP/1.1" 304 - "http://localhost:4200/" "Mozilla/5.0 (Windows NT 10.0; Win64; x64) AppleWebKit/537.36 (KHTML, like Gecko) Chrome/88.0.4324.146 Safari/537.36"
::1 - - [09/Feb/2021:11:17:48 +0000] "GET /images/5fe10cb5ee27d23bf0493b71/1612219168593-dell-xps.jpg HTTP/1.1" 304 - "http://localhost:4200/" "Mozilla/5.0 (Windows NT 10.0; Win64; x64) AppleWebKit/537.36 (KHTML, like Gecko) Chrome/88.0.4324.146 Safari/537.36"
::1 - - [09/Feb/2021:11:17:48 +0000] "GET /images/5fe112f0897b742c70949c4d/1612218353363-mac.jpg HTTP/1.1" 304 - "http://localhost:4200/" "Mozilla/5.0 (Windows NT 10.0; Win64; x64) AppleWebKit/537.36 (KHTML, like Gecko) Chrome/88.0.4324.146 Safari/537.36"
::1 - - [09/Feb/2021:11:17:48 +0000] "GET /images/601c609c9eef0b312096b2bf/1612472476529-vlcsnap-2020-10-05-00h38m16s908.png HTTP/1.1" 304 - "http://localhost:4200/" "Mozilla/5.0 (Windows NT 10.0; Win64; x64) AppleWebKit/537.36 (KHTML, like Gecko) Chrome/88.0.4324.146 Safari/537.36"
::1 - - [09/Feb/2021:11:18:03 +0000] "OPTIONS /status HTTP/1.1" 200 8 "http://localhost:4200/" "Mozilla/5.0 (Windows NT 10.0; Win64; x64) AppleWebKit/537.36 (KHTML, like Gecko) Chrome/88.0.4324.146 Safari/537.36"
::1 - - [09/Feb/2021:11:18:03 +0000] "GET /status HTTP/1.1" 304 - "http://localhost:4200/" "Mozilla/5.0 (Windows NT 10.0; Win64; x64) AppleWebKit/537.36 (KHTML, like Gecko) Chrome/88.0.4324.146 Safari/537.36"
::1 - - [09/Feb/2021:11:18:03 +0000] "OPTIONS /favourites HTTP/1.1" 200 8 "http://localhost:4200/" "Mozilla/5.0 (Windows NT 10.0; Win64; x64) AppleWebKit/537.36 (KHTML, like Gecko) Chrome/88.0.4324.146 Safari/537.36"
::1 - - [09/Feb/2021:11:18:03 +0000] "OPTIONS /product HTTP/1.1" 200 13 "http://localhost:4200/" "Mozilla/5.0 (Windows NT 10.0; Win64; x64) AppleWebKit/537.36 (KHTML, like Gecko) Chrome/88.0.4324.146 Safari/537.36"
::1 - - [09/Feb/2021:11:18:03 +0000] "GET /product HTTP/1.1" 304 - "http://localhost:4200/" "Mozilla/5.0 (Windows NT 10.0; Win64; x64) AppleWebKit/537.36 (KHTML, like Gecko) Chrome/88.0.4324.146 Safari/537.36"
::1 - - [09/Feb/2021:11:18:03 +0000] "GET /favourites HTTP/1.1" 304 - "http://localhost:4200/" "Mozilla/5.0 (Windows NT 10.0; Win64; x64) AppleWebKit/537.36 (KHTML, like Gecko) Chrome/88.0.4324.146 Safari/537.36"
::1 - - [09/Feb/2021:11:18:03 +0000] "GET /images/5fe9fd223619c440bc37af11/1612550861234-iphone_img_1.jpg HTTP/1.1" 304 - "http://localhost:4200/" "Mozilla/5.0 (Windows NT 10.0; Win64; x64) AppleWebKit/537.36 (KHTML, like Gecko) Chrome/88.0.4324.146 Safari/537.36"
::1 - - [09/Feb/2021:11:18:03 +0000] "GET /images/5fe10cb5ee27d23bf0493b71/1612219168593-dell-xps.jpg HTTP/1.1" 304 - "http://localhost:4200/" "Mozilla/5.0 (Windows NT 10.0; Win64; x64) AppleWebKit/537.36 (KHTML, like Gecko) Chrome/88.0.4324.146 Safari/537.36"
::1 - - [09/Feb/2021:11:18:03 +0000] "GET /images/5fe112f0897b742c70949c4d/1612218353363-mac.jpg HTTP/1.1" 304 - "http://localhost:4200/" "Mozilla/5.0 (Windows NT 10.0; Win64; x64) AppleWebKit/537.36 (KHTML, like Gecko) Chrome/88.0.4324.146 Safari/537.36"
::1 - - [09/Feb/2021:11:18:03 +0000] "GET /images/601c609c9eef0b312096b2bf/1612472476529-vlcsnap-2020-10-05-00h38m16s908.png HTTP/1.1" 304 - "http://localhost:4200/" "Mozilla/5.0 (Windows NT 10.0; Win64; x64) AppleWebKit/537.36 (KHTML, like Gecko) Chrome/88.0.4324.146 Safari/537.36"
::1 - - [09/Feb/2021:11:18:23 +0000] "OPTIONS /status HTTP/1.1" 200 8 "http://localhost:4200/" "Mozilla/5.0 (Windows NT 10.0; Win64; x64) AppleWebKit/537.36 (KHTML, like Gecko) Chrome/88.0.4324.146 Safari/537.36"
::1 - - [09/Feb/2021:11:18:23 +0000] "GET /status HTTP/1.1" 304 - "http://localhost:4200/" "Mozilla/5.0 (Windows NT 10.0; Win64; x64) AppleWebKit/537.36 (KHTML, like Gecko) Chrome/88.0.4324.146 Safari/537.36"
::1 - - [09/Feb/2021:11:18:23 +0000] "OPTIONS /favourites HTTP/1.1" 200 8 "http://localhost:4200/" "Mozilla/5.0 (Windows NT 10.0; Win64; x64) AppleWebKit/537.36 (KHTML, like Gecko) Chrome/88.0.4324.146 Safari/537.36"
::1 - - [09/Feb/2021:11:18:23 +0000] "OPTIONS /product HTTP/1.1" 200 13 "http://localhost:4200/" "Mozilla/5.0 (Windows NT 10.0; Win64; x64) AppleWebKit/537.36 (KHTML, like Gecko) Chrome/88.0.4324.146 Safari/537.36"
::1 - - [09/Feb/2021:11:18:23 +0000] "GET /product HTTP/1.1" 304 - "http://localhost:4200/" "Mozilla/5.0 (Windows NT 10.0; Win64; x64) AppleWebKit/537.36 (KHTML, like Gecko) Chrome/88.0.4324.146 Safari/537.36"
::1 - - [09/Feb/2021:11:18:23 +0000] "GET /favourites HTTP/1.1" 304 - "http://localhost:4200/" "Mozilla/5.0 (Windows NT 10.0; Win64; x64) AppleWebKit/537.36 (KHTML, like Gecko) Chrome/88.0.4324.146 Safari/537.36"
::1 - - [09/Feb/2021:11:18:23 +0000] "GET /images/5fe9fd223619c440bc37af11/1612550861234-iphone_img_1.jpg HTTP/1.1" 304 - "http://localhost:4200/" "Mozilla/5.0 (Windows NT 10.0; Win64; x64) AppleWebKit/537.36 (KHTML, like Gecko) Chrome/88.0.4324.146 Safari/537.36"
::1 - - [09/Feb/2021:11:18:23 +0000] "GET /images/5fe10cb5ee27d23bf0493b71/1612219168593-dell-xps.jpg HTTP/1.1" 304 - "http://localhost:4200/" "Mozilla/5.0 (Windows NT 10.0; Win64; x64) AppleWebKit/537.36 (KHTML, like Gecko) Chrome/88.0.4324.146 Safari/537.36"
::1 - - [09/Feb/2021:11:18:23 +0000] "GET /images/5fe112f0897b742c70949c4d/1612218353363-mac.jpg HTTP/1.1" 304 - "http://localhost:4200/" "Mozilla/5.0 (Windows NT 10.0; Win64; x64) AppleWebKit/537.36 (KHTML, like Gecko) Chrome/88.0.4324.146 Safari/537.36"
::1 - - [09/Feb/2021:11:18:23 +0000] "GET /images/601c609c9eef0b312096b2bf/1612472476529-vlcsnap-2020-10-05-00h38m16s908.png HTTP/1.1" 304 - "http://localhost:4200/" "Mozilla/5.0 (Windows NT 10.0; Win64; x64) AppleWebKit/537.36 (KHTML, like Gecko) Chrome/88.0.4324.146 Safari/537.36"
::1 - - [09/Feb/2021:11:20:14 +0000] "OPTIONS /status HTTP/1.1" 200 8 "http://localhost:4200/" "Mozilla/5.0 (Windows NT 10.0; Win64; x64) AppleWebKit/537.36 (KHTML, like Gecko) Chrome/88.0.4324.146 Safari/537.36"
::1 - - [09/Feb/2021:11:20:14 +0000] "GET /status HTTP/1.1" 401 62 "http://localhost:4200/" "Mozilla/5.0 (Windows NT 10.0; Win64; x64) AppleWebKit/537.36 (KHTML, like Gecko) Chrome/88.0.4324.146 Safari/537.36"
::1 - - [09/Feb/2021:11:20:14 +0000] "OPTIONS /favourites HTTP/1.1" 200 8 "http://localhost:4200/" "Mozilla/5.0 (Windows NT 10.0; Win64; x64) AppleWebKit/537.36 (KHTML, like Gecko) Chrome/88.0.4324.146 Safari/537.36"
::1 - - [09/Feb/2021:11:20:14 +0000] "OPTIONS /product HTTP/1.1" 200 13 "http://localhost:4200/" "Mozilla/5.0 (Windows NT 10.0; Win64; x64) AppleWebKit/537.36 (KHTML, like Gecko) Chrome/88.0.4324.146 Safari/537.36"
::1 - - [09/Feb/2021:11:20:14 +0000] "GET /favourites HTTP/1.1" 304 - "http://localhost:4200/" "Mozilla/5.0 (Windows NT 10.0; Win64; x64) AppleWebKit/537.36 (KHTML, like Gecko) Chrome/88.0.4324.146 Safari/537.36"
::1 - - [09/Feb/2021:11:20:14 +0000] "GET /product HTTP/1.1" 304 - "http://localhost:4200/" "Mozilla/5.0 (Windows NT 10.0; Win64; x64) AppleWebKit/537.36 (KHTML, like Gecko) Chrome/88.0.4324.146 Safari/537.36"
::1 - - [09/Feb/2021:11:20:14 +0000] "GET /images/5fe9fd223619c440bc37af11/1612550861234-iphone_img_1.jpg HTTP/1.1" 304 - "http://localhost:4200/" "Mozilla/5.0 (Windows NT 10.0; Win64; x64) AppleWebKit/537.36 (KHTML, like Gecko) Chrome/88.0.4324.146 Safari/537.36"
::1 - - [09/Feb/2021:11:20:14 +0000] "GET /images/5fe10cb5ee27d23bf0493b71/1612219168593-dell-xps.jpg HTTP/1.1" 304 - "http://localhost:4200/" "Mozilla/5.0 (Windows NT 10.0; Win64; x64) AppleWebKit/537.36 (KHTML, like Gecko) Chrome/88.0.4324.146 Safari/537.36"
::1 - - [09/Feb/2021:11:20:14 +0000] "GET /images/5fe112f0897b742c70949c4d/1612218353363-mac.jpg HTTP/1.1" 304 - "http://localhost:4200/" "Mozilla/5.0 (Windows NT 10.0; Win64; x64) AppleWebKit/537.36 (KHTML, like Gecko) Chrome/88.0.4324.146 Safari/537.36"
::1 - - [09/Feb/2021:11:20:14 +0000] "GET /images/601c609c9eef0b312096b2bf/1612472476529-vlcsnap-2020-10-05-00h38m16s908.png HTTP/1.1" 304 - "http://localhost:4200/" "Mozilla/5.0 (Windows NT 10.0; Win64; x64) AppleWebKit/537.36 (KHTML, like Gecko) Chrome/88.0.4324.146 Safari/537.36"
::1 - - [09/Feb/2021:11:37:44 +0000] "GET /images/5fe10cb5ee27d23bf0493b71/1612219168593-dell-xps.jpg HTTP/1.1" 304 - "http://localhost:4200/" "Mozilla/5.0 (Windows NT 10.0; Win64; x64) AppleWebKit/537.36 (KHTML, like Gecko) Chrome/88.0.4324.146 Safari/537.36"
::1 - - [09/Feb/2021:11:37:48 +0000] "GET /images/5fe112f0897b742c70949c4d/1612218353363-mac.jpg HTTP/1.1" 304 - "http://localhost:4200/" "Mozilla/5.0 (Windows NT 10.0; Win64; x64) AppleWebKit/537.36 (KHTML, like Gecko) Chrome/88.0.4324.146 Safari/537.36"
::1 - - [09/Feb/2021:11:37:52 +0000] "GET /images/5fe9fd223619c440bc37af11/1612550861234-iphone_img_1.jpg HTTP/1.1" 304 - "http://localhost:4200/" "Mozilla/5.0 (Windows NT 10.0; Win64; x64) AppleWebKit/537.36 (KHTML, like Gecko) Chrome/88.0.4324.146 Safari/537.36"
::1 - - [09/Feb/2021:11:45:56 +0000] "GET /images/5fe10cb5ee27d23bf0493b71/1612219168593-dell-xps.jpg HTTP/1.1" 304 - "http://localhost:4200/" "Mozilla/5.0 (Windows NT 10.0; Win64; x64) AppleWebKit/537.36 (KHTML, like Gecko) Chrome/88.0.4324.146 Safari/537.36"
::1 - - [09/Feb/2021:11:46:00 +0000] "GET /images/5fe112f0897b742c70949c4d/1612218353363-mac.jpg HTTP/1.1" 304 - "http://localhost:4200/" "Mozilla/5.0 (Windows NT 10.0; Win64; x64) AppleWebKit/537.36 (KHTML, like Gecko) Chrome/88.0.4324.146 Safari/537.36"
::1 - - [09/Feb/2021:11:50:28 +0000] "GET /images/5fe9fd223619c440bc37af11/1612550861234-iphone_img_1.jpg HTTP/1.1" 304 - "http://localhost:4200/" "Mozilla/5.0 (Windows NT 10.0; Win64; x64) AppleWebKit/537.36 (KHTML, like Gecko) Chrome/88.0.4324.146 Safari/537.36"
::1 - - [09/Feb/2021:11:50:32 +0000] "GET /images/5fe10cb5ee27d23bf0493b71/1612219168593-dell-xps.jpg HTTP/1.1" 304 - "http://localhost:4200/" "Mozilla/5.0 (Windows NT 10.0; Win64; x64) AppleWebKit/537.36 (KHTML, like Gecko) Chrome/88.0.4324.146 Safari/537.36"
::1 - - [09/Feb/2021:11:58:07 +0000] "GET /images/5fe10cb5ee27d23bf0493b71/1612219168593-dell-xps.jpg HTTP/1.1" 304 - "http://localhost:4200/" "Mozilla/5.0 (Windows NT 10.0; Win64; x64) AppleWebKit/537.36 (KHTML, like Gecko) Chrome/88.0.4324.146 Safari/537.36"
::1 - - [09/Feb/2021:11:58:12 +0000] "GET /images/5fe112f0897b742c70949c4d/1612218353363-mac.jpg HTTP/1.1" 304 - "http://localhost:4200/" "Mozilla/5.0 (Windows NT 10.0; Win64; x64) AppleWebKit/537.36 (KHTML, like Gecko) Chrome/88.0.4324.146 Safari/537.36"
::1 - - [09/Feb/2021:11:59:20 +0000] "GET /images/5fe10cb5ee27d23bf0493b71/1612219168593-dell-xps.jpg HTTP/1.1" 304 - "http://localhost:4200/" "Mozilla/5.0 (Windows NT 10.0; Win64; x64) AppleWebKit/537.36 (KHTML, like Gecko) Chrome/88.0.4324.146 Safari/537.36"
::1 - - [09/Feb/2021:11:59:24 +0000] "GET /images/5fe112f0897b742c70949c4d/1612218353363-mac.jpg HTTP/1.1" 304 - "http://localhost:4200/" "Mozilla/5.0 (Windows NT 10.0; Win64; x64) AppleWebKit/537.36 (KHTML, like Gecko) Chrome/88.0.4324.146 Safari/537.36"
::1 - - [09/Feb/2021:12:08:24 +0000] "GET /images/5fe112f0897b742c70949c4d/1612218353363-mac.jpg HTTP/1.1" 304 - "http://localhost:4200/" "Mozilla/5.0 (Windows NT 10.0; Win64; x64) AppleWebKit/537.36 (KHTML, like Gecko) Chrome/88.0.4324.146 Safari/537.36"
::1 - - [09/Feb/2021:12:08:28 +0000] "GET /images/5fe9fd223619c440bc37af11/1612550861234-iphone_img_1.jpg HTTP/1.1" 304 - "http://localhost:4200/" "Mozilla/5.0 (Windows NT 10.0; Win64; x64) AppleWebKit/537.36 (KHTML, like Gecko) Chrome/88.0.4324.146 Safari/537.36"
::1 - - [09/Feb/2021:12:16:59 +0000] "GET /images/5fe112f0897b742c70949c4d/1612218353363-mac.jpg HTTP/1.1" 304 - "http://localhost:4200/" "Mozilla/5.0 (Windows NT 10.0; Win64; x64) AppleWebKit/537.36 (KHTML, like Gecko) Chrome/88.0.4324.146 Safari/537.36"
::1 - - [09/Feb/2021:12:17:01 +0000] "OPTIONS /product/5fe10cb5ee27d23bf0493b71 HTTP/1.1" 200 19 "http://localhost:4200/" "Mozilla/5.0 (Windows NT 10.0; Win64; x64) AppleWebKit/537.36 (KHTML, like Gecko) Chrome/88.0.4324.146 Safari/537.36"
::1 - - [09/Feb/2021:12:17:01 +0000] "GET /product/5fe10cb5ee27d23bf0493b71 HTTP/1.1" 304 - "http://localhost:4200/" "Mozilla/5.0 (Windows NT 10.0; Win64; x64) AppleWebKit/537.36 (KHTML, like Gecko) Chrome/88.0.4324.146 Safari/537.36"
::1 - - [09/Feb/2021:12:17:06 +0000] "OPTIONS /favourites HTTP/1.1" 200 8 "http://localhost:4200/" "Mozilla/5.0 (Windows NT 10.0; Win64; x64) AppleWebKit/537.36 (KHTML, like Gecko) Chrome/88.0.4324.146 Safari/537.36"
::1 - - [09/Feb/2021:12:17:06 +0000] "OPTIONS /product HTTP/1.1" 200 13 "http://localhost:4200/" "Mozilla/5.0 (Windows NT 10.0; Win64; x64) AppleWebKit/537.36 (KHTML, like Gecko) Chrome/88.0.4324.146 Safari/537.36"
::1 - - [09/Feb/2021:12:17:06 +0000] "GET /product HTTP/1.1" 200 - "http://localhost:4200/" "Mozilla/5.0 (Windows NT 10.0; Win64; x64) AppleWebKit/537.36 (KHTML, like Gecko) Chrome/88.0.4324.146 Safari/537.36"
::1 - - [09/Feb/2021:12:17:07 +0000] "GET /favourites HTTP/1.1" 304 - "http://localhost:4200/" "Mozilla/5.0 (Windows NT 10.0; Win64; x64) AppleWebKit/537.36 (KHTML, like Gecko) Chrome/88.0.4324.146 Safari/537.36"
::1 - - [09/Feb/2021:12:17:07 +0000] "GET /images/5fe9fd223619c440bc37af11/1612550861234-iphone_img_1.jpg HTTP/1.1" 304 - "http://localhost:4200/" "Mozilla/5.0 (Windows NT 10.0; Win64; x64) AppleWebKit/537.36 (KHTML, like Gecko) Chrome/88.0.4324.146 Safari/537.36"
::1 - - [09/Feb/2021:12:17:07 +0000] "GET /images/601c609c9eef0b312096b2bf/1612472476529-vlcsnap-2020-10-05-00h38m16s908.png HTTP/1.1" 304 - "http://localhost:4200/" "Mozilla/5.0 (Windows NT 10.0; Win64; x64) AppleWebKit/537.36 (KHTML, like Gecko) Chrome/88.0.4324.146 Safari/537.36"
::1 - - [09/Feb/2021:12:17:31 +0000] "OPTIONS /product/5fe112f0897b742c70949c4d HTTP/1.1" 200 19 "http://localhost:4200/" "Mozilla/5.0 (Windows NT 10.0; Win64; x64) AppleWebKit/537.36 (KHTML, like Gecko) Chrome/88.0.4324.146 Safari/537.36"
::1 - - [09/Feb/2021:12:17:31 +0000] "GET /product/5fe112f0897b742c70949c4d HTTP/1.1" 304 - "http://localhost:4200/" "Mozilla/5.0 (Windows NT 10.0; Win64; x64) AppleWebKit/537.36 (KHTML, like Gecko) Chrome/88.0.4324.146 Safari/537.36"
::1 - - [09/Feb/2021:12:17:35 +0000] "OPTIONS /favourites HTTP/1.1" 200 8 "http://localhost:4200/" "Mozilla/5.0 (Windows NT 10.0; Win64; x64) AppleWebKit/537.36 (KHTML, like Gecko) Chrome/88.0.4324.146 Safari/537.36"
::1 - - [09/Feb/2021:12:17:35 +0000] "OPTIONS /product HTTP/1.1" 200 13 "http://localhost:4200/" "Mozilla/5.0 (Windows NT 10.0; Win64; x64) AppleWebKit/537.36 (KHTML, like Gecko) Chrome/88.0.4324.146 Safari/537.36"
::1 - - [09/Feb/2021:12:17:35 +0000] "GET /product HTTP/1.1" 304 - "http://localhost:4200/" "Mozilla/5.0 (Windows NT 10.0; Win64; x64) AppleWebKit/537.36 (KHTML, like Gecko) Chrome/88.0.4324.146 Safari/537.36"
::1 - - [09/Feb/2021:12:17:35 +0000] "GET /favourites HTTP/1.1" 304 - "http://localhost:4200/" "Mozilla/5.0 (Windows NT 10.0; Win64; x64) AppleWebKit/537.36 (KHTML, like Gecko) Chrome/88.0.4324.146 Safari/537.36"
::1 - - [09/Feb/2021:12:17:41 +0000] "GET /images/5fe10cb5ee27d23bf0493b71/1612219168593-dell-xps.jpg HTTP/1.1" 200 19387 "http://localhost:4200/" "Mozilla/5.0 (Windows NT 10.0; Win64; x64) AppleWebKit/537.36 (KHTML, like Gecko) Chrome/88.0.4324.146 Safari/537.36"
::1 - - [09/Feb/2021:12:17:44 +0000] "OPTIONS /status HTTP/1.1" 200 8 "http://localhost:4200/" "Mozilla/5.0 (Windows NT 10.0; Win64; x64) AppleWebKit/537.36 (KHTML, like Gecko) Chrome/88.0.4324.146 Safari/537.36"
::1 - - [09/Feb/2021:12:17:44 +0000] "GET /status HTTP/1.1" 401 62 "http://localhost:4200/" "Mozilla/5.0 (Windows NT 10.0; Win64; x64) AppleWebKit/537.36 (KHTML, like Gecko) Chrome/88.0.4324.146 Safari/537.36"
::1 - - [09/Feb/2021:12:17:44 +0000] "OPTIONS /favourites HTTP/1.1" 200 8 "http://localhost:4200/" "Mozilla/5.0 (Windows NT 10.0; Win64; x64) AppleWebKit/537.36 (KHTML, like Gecko) Chrome/88.0.4324.146 Safari/537.36"
::1 - - [09/Feb/2021:12:17:44 +0000] "OPTIONS /product HTTP/1.1" 200 13 "http://localhost:4200/" "Mozilla/5.0 (Windows NT 10.0; Win64; x64) AppleWebKit/537.36 (KHTML, like Gecko) Chrome/88.0.4324.146 Safari/537.36"
::1 - - [09/Feb/2021:12:17:44 +0000] "GET /product HTTP/1.1" 200 - "http://localhost:4200/" "Mozilla/5.0 (Windows NT 10.0; Win64; x64) AppleWebKit/537.36 (KHTML, like Gecko) Chrome/88.0.4324.146 Safari/537.36"
::1 - - [09/Feb/2021:12:17:45 +0000] "GET /favourites HTTP/1.1" 200 194 "http://localhost:4200/" "Mozilla/5.0 (Windows NT 10.0; Win64; x64) AppleWebKit/537.36 (KHTML, like Gecko) Chrome/88.0.4324.146 Safari/537.36"
::1 - - [09/Feb/2021:12:17:45 +0000] "GET /images/5fe10cb5ee27d23bf0493b71/1612219168593-dell-xps.jpg HTTP/1.1" 200 19387 "http://localhost:4200/" "Mozilla/5.0 (Windows NT 10.0; Win64; x64) AppleWebKit/537.36 (KHTML, like Gecko) Chrome/88.0.4324.146 Safari/537.36"
::1 - - [09/Feb/2021:12:17:45 +0000] "GET /images/5fe112f0897b742c70949c4d/1612218353363-mac.jpg HTTP/1.1" 200 13482 "http://localhost:4200/" "Mozilla/5.0 (Windows NT 10.0; Win64; x64) AppleWebKit/537.36 (KHTML, like Gecko) Chrome/88.0.4324.146 Safari/537.36"
::1 - - [09/Feb/2021:12:17:45 +0000] "GET /images/5fe9fd223619c440bc37af11/1612550861234-iphone_img_1.jpg HTTP/1.1" 200 336733 "http://localhost:4200/" "Mozilla/5.0 (Windows NT 10.0; Win64; x64) AppleWebKit/537.36 (KHTML, like Gecko) Chrome/88.0.4324.146 Safari/537.36"
::1 - - [09/Feb/2021:12:17:45 +0000] "GET /images/601c609c9eef0b312096b2bf/1612472476529-vlcsnap-2020-10-05-00h38m16s908.png HTTP/1.1" 200 585539 "http://localhost:4200/" "Mozilla/5.0 (Windows NT 10.0; Win64; x64) AppleWebKit/537.36 (KHTML, like Gecko) Chrome/88.0.4324.146 Safari/537.36"
::1 - - [09/Feb/2021:12:17:50 +0000] "GET /images/5fe10cb5ee27d23bf0493b71/1612219168593-dell-xps.jpg HTTP/1.1" 200 19387 "http://localhost:4200/" "Mozilla/5.0 (Windows NT 10.0; Win64; x64) AppleWebKit/537.36 (KHTML, like Gecko) Chrome/88.0.4324.146 Safari/537.36"
::1 - - [09/Feb/2021:12:17:54 +0000] "GET /images/5fe112f0897b742c70949c4d/1612218353363-mac.jpg HTTP/1.1" 200 13482 "http://localhost:4200/" "Mozilla/5.0 (Windows NT 10.0; Win64; x64) AppleWebKit/537.36 (KHTML, like Gecko) Chrome/88.0.4324.146 Safari/537.36"
::1 - - [09/Feb/2021:12:17:58 +0000] "GET /images/5fe9fd223619c440bc37af11/1612550861234-iphone_img_1.jpg HTTP/1.1" 200 336733 "http://localhost:4200/" "Mozilla/5.0 (Windows NT 10.0; Win64; x64) AppleWebKit/537.36 (KHTML, like Gecko) Chrome/88.0.4324.146 Safari/537.36"
::1 - - [09/Feb/2021:12:18:03 +0000] "GET /images/5fe10cb5ee27d23bf0493b71/1612219168593-dell-xps.jpg HTTP/1.1" 200 19387 "http://localhost:4200/" "Mozilla/5.0 (Windows NT 10.0; Win64; x64) AppleWebKit/537.36 (KHTML, like Gecko) Chrome/88.0.4324.146 Safari/537.36"
::1 - - [09/Feb/2021:12:18:07 +0000] "GET /images/5fe112f0897b742c70949c4d/1612218353363-mac.jpg HTTP/1.1" 200 13482 "http://localhost:4200/" "Mozilla/5.0 (Windows NT 10.0; Win64; x64) AppleWebKit/537.36 (KHTML, like Gecko) Chrome/88.0.4324.146 Safari/537.36"
::1 - - [09/Feb/2021:12:18:11 +0000] "GET /images/5fe9fd223619c440bc37af11/1612550861234-iphone_img_1.jpg HTTP/1.1" 200 336733 "http://localhost:4200/" "Mozilla/5.0 (Windows NT 10.0; Win64; x64) AppleWebKit/537.36 (KHTML, like Gecko) Chrome/88.0.4324.146 Safari/537.36"
::1 - - [09/Feb/2021:12:18:14 +0000] "GET /images/5fe10cb5ee27d23bf0493b71/1612219168593-dell-xps.jpg HTTP/1.1" 200 19387 "http://localhost:4200/" "Mozilla/5.0 (Windows NT 10.0; Win64; x64) AppleWebKit/537.36 (KHTML, like Gecko) Chrome/88.0.4324.146 Safari/537.36"
::1 - - [09/Feb/2021:12:18:19 +0000] "GET /images/5fe112f0897b742c70949c4d/1612218353363-mac.jpg HTTP/1.1" 200 13482 "http://localhost:4200/" "Mozilla/5.0 (Windows NT 10.0; Win64; x64) AppleWebKit/537.36 (KHTML, like Gecko) Chrome/88.0.4324.146 Safari/537.36"
::1 - - [09/Feb/2021:12:18:23 +0000] "GET /images/5fe9fd223619c440bc37af11/1612550861234-iphone_img_1.jpg HTTP/1.1" 200 336733 "http://localhost:4200/" "Mozilla/5.0 (Windows NT 10.0; Win64; x64) AppleWebKit/537.36 (KHTML, like Gecko) Chrome/88.0.4324.146 Safari/537.36"
::1 - - [09/Feb/2021:12:18:27 +0000] "GET /images/5fe10cb5ee27d23bf0493b71/1612219168593-dell-xps.jpg HTTP/1.1" 200 19387 "http://localhost:4200/" "Mozilla/5.0 (Windows NT 10.0; Win64; x64) AppleWebKit/537.36 (KHTML, like Gecko) Chrome/88.0.4324.146 Safari/537.36"
::1 - - [09/Feb/2021:12:18:31 +0000] "GET /images/5fe112f0897b742c70949c4d/1612218353363-mac.jpg HTTP/1.1" 200 13482 "http://localhost:4200/" "Mozilla/5.0 (Windows NT 10.0; Win64; x64) AppleWebKit/537.36 (KHTML, like Gecko) Chrome/88.0.4324.146 Safari/537.36"
::1 - - [09/Feb/2021:12:18:35 +0000] "GET /images/5fe9fd223619c440bc37af11/1612550861234-iphone_img_1.jpg HTTP/1.1" 200 336733 "http://localhost:4200/" "Mozilla/5.0 (Windows NT 10.0; Win64; x64) AppleWebKit/537.36 (KHTML, like Gecko) Chrome/88.0.4324.146 Safari/537.36"
::1 - - [09/Feb/2021:12:18:39 +0000] "GET /images/5fe10cb5ee27d23bf0493b71/1612219168593-dell-xps.jpg HTTP/1.1" 200 19387 "http://localhost:4200/" "Mozilla/5.0 (Windows NT 10.0; Win64; x64) AppleWebKit/537.36 (KHTML, like Gecko) Chrome/88.0.4324.146 Safari/537.36"
::1 - - [09/Feb/2021:12:18:42 +0000] "GET /images/5fe112f0897b742c70949c4d/1612218353363-mac.jpg HTTP/1.1" 200 13482 "http://localhost:4200/" "Mozilla/5.0 (Windows NT 10.0; Win64; x64) AppleWebKit/537.36 (KHTML, like Gecko) Chrome/88.0.4324.146 Safari/537.36"
::1 - - [09/Feb/2021:12:18:44 +0000] "OPTIONS /status HTTP/1.1" 200 8 "http://localhost:4200/" "Mozilla/5.0 (Windows NT 10.0; Win64; x64) AppleWebKit/537.36 (KHTML, like Gecko) Chrome/88.0.4324.146 Safari/537.36"
::1 - - [09/Feb/2021:12:18:44 +0000] "GET /status HTTP/1.1" 401 62 "http://localhost:4200/" "Mozilla/5.0 (Windows NT 10.0; Win64; x64) AppleWebKit/537.36 (KHTML, like Gecko) Chrome/88.0.4324.146 Safari/537.36"
::1 - - [09/Feb/2021:12:18:44 +0000] "OPTIONS /favourites HTTP/1.1" 200 8 "http://localhost:4200/" "Mozilla/5.0 (Windows NT 10.0; Win64; x64) AppleWebKit/537.36 (KHTML, like Gecko) Chrome/88.0.4324.146 Safari/537.36"
::1 - - [09/Feb/2021:12:18:44 +0000] "OPTIONS /product HTTP/1.1" 200 13 "http://localhost:4200/" "Mozilla/5.0 (Windows NT 10.0; Win64; x64) AppleWebKit/537.36 (KHTML, like Gecko) Chrome/88.0.4324.146 Safari/537.36"
::1 - - [09/Feb/2021:12:18:45 +0000] "GET /product HTTP/1.1" 200 1463 "http://localhost:4200/" "Mozilla/5.0 (Windows NT 10.0; Win64; x64) AppleWebKit/537.36 (KHTML, like Gecko) Chrome/88.0.4324.146 Safari/537.36"
::1 - - [09/Feb/2021:12:18:45 +0000] "GET /favourites HTTP/1.1" 200 194 "http://localhost:4200/" "Mozilla/5.0 (Windows NT 10.0; Win64; x64) AppleWebKit/537.36 (KHTML, like Gecko) Chrome/88.0.4324.146 Safari/537.36"
::1 - - [09/Feb/2021:12:18:45 +0000] "GET /images/5fe10cb5ee27d23bf0493b71/1612219168593-dell-xps.jpg HTTP/1.1" 200 19387 "http://localhost:4200/" "Mozilla/5.0 (Windows NT 10.0; Win64; x64) AppleWebKit/537.36 (KHTML, like Gecko) Chrome/88.0.4324.146 Safari/537.36"
::1 - - [09/Feb/2021:12:18:45 +0000] "GET /images/5fe112f0897b742c70949c4d/1612218353363-mac.jpg HTTP/1.1" 200 13482 "http://localhost:4200/" "Mozilla/5.0 (Windows NT 10.0; Win64; x64) AppleWebKit/537.36 (KHTML, like Gecko) Chrome/88.0.4324.146 Safari/537.36"
::1 - - [09/Feb/2021:12:18:45 +0000] "GET /images/5fe9fd223619c440bc37af11/1612550861234-iphone_img_1.jpg HTTP/1.1" 200 336733 "http://localhost:4200/" "Mozilla/5.0 (Windows NT 10.0; Win64; x64) AppleWebKit/537.36 (KHTML, like Gecko) Chrome/88.0.4324.146 Safari/537.36"
::1 - - [09/Feb/2021:12:18:45 +0000] "GET /images/601c609c9eef0b312096b2bf/1612472476529-vlcsnap-2020-10-05-00h38m16s908.png HTTP/1.1" 200 585539 "http://localhost:4200/" "Mozilla/5.0 (Windows NT 10.0; Win64; x64) AppleWebKit/537.36 (KHTML, like Gecko) Chrome/88.0.4324.146 Safari/537.36"
::1 - - [09/Feb/2021:12:18:50 +0000] "GET /images/5fe10cb5ee27d23bf0493b71/1612219168593-dell-xps.jpg HTTP/1.1" 200 19387 "http://localhost:4200/" "Mozilla/5.0 (Windows NT 10.0; Win64; x64) AppleWebKit/537.36 (KHTML, like Gecko) Chrome/88.0.4324.146 Safari/537.36"
::1 - - [09/Feb/2021:12:18:55 +0000] "GET /images/5fe112f0897b742c70949c4d/1612218353363-mac.jpg HTTP/1.1" 200 13482 "http://localhost:4200/" "Mozilla/5.0 (Windows NT 10.0; Win64; x64) AppleWebKit/537.36 (KHTML, like Gecko) Chrome/88.0.4324.146 Safari/537.36"
::1 - - [09/Feb/2021:12:19:06 +0000] "GET /images/5fe112f0897b742c70949c4d/1612218353363-mac.jpg HTTP/1.1" 200 13482 "http://localhost:4200/" "Mozilla/5.0 (Windows NT 10.0; Win64; x64) AppleWebKit/537.36 (KHTML, like Gecko) Chrome/88.0.4324.146 Safari/537.36"
::1 - - [09/Feb/2021:12:19:11 +0000] "GET /images/5fe9fd223619c440bc37af11/1612550861234-iphone_img_1.jpg HTTP/1.1" 200 336733 "http://localhost:4200/" "Mozilla/5.0 (Windows NT 10.0; Win64; x64) AppleWebKit/537.36 (KHTML, like Gecko) Chrome/88.0.4324.146 Safari/537.36"
::1 - - [09/Feb/2021:12:19:15 +0000] "GET /images/5fe10cb5ee27d23bf0493b71/1612219168593-dell-xps.jpg HTTP/1.1" 200 19387 "http://localhost:4200/" "Mozilla/5.0 (Windows NT 10.0; Win64; x64) AppleWebKit/537.36 (KHTML, like Gecko) Chrome/88.0.4324.146 Safari/537.36"
::1 - - [09/Feb/2021:12:19:19 +0000] "GET /images/5fe112f0897b742c70949c4d/1612218353363-mac.jpg HTTP/1.1" 200 13482 "http://localhost:4200/" "Mozilla/5.0 (Windows NT 10.0; Win64; x64) AppleWebKit/537.36 (KHTML, like Gecko) Chrome/88.0.4324.146 Safari/537.36"
::1 - - [09/Feb/2021:12:19:23 +0000] "GET /images/5fe9fd223619c440bc37af11/1612550861234-iphone_img_1.jpg HTTP/1.1" 200 336733 "http://localhost:4200/" "Mozilla/5.0 (Windows NT 10.0; Win64; x64) AppleWebKit/537.36 (KHTML, like Gecko) Chrome/88.0.4324.146 Safari/537.36"
::1 - - [09/Feb/2021:12:19:27 +0000] "GET /images/5fe10cb5ee27d23bf0493b71/1612219168593-dell-xps.jpg HTTP/1.1" 200 19387 "http://localhost:4200/" "Mozilla/5.0 (Windows NT 10.0; Win64; x64) AppleWebKit/537.36 (KHTML, like Gecko) Chrome/88.0.4324.146 Safari/537.36"
::1 - - [09/Feb/2021:12:19:34 +0000] "GET /images/5fe112f0897b742c70949c4d/1612218353363-mac.jpg HTTP/1.1" 200 13482 "http://localhost:4200/" "Mozilla/5.0 (Windows NT 10.0; Win64; x64) AppleWebKit/537.36 (KHTML, like Gecko) Chrome/88.0.4324.146 Safari/537.36"
::1 - - [09/Feb/2021:12:19:34 +0000] "GET /images/5fe9fd223619c440bc37af11/1612550861234-iphone_img_1.jpg HTTP/1.1" 200 336733 "http://localhost:4200/" "Mozilla/5.0 (Windows NT 10.0; Win64; x64) AppleWebKit/537.36 (KHTML, like Gecko) Chrome/88.0.4324.146 Safari/537.36"
::1 - - [09/Feb/2021:12:19:35 +0000] "OPTIONS /status HTTP/1.1" 200 8 "http://localhost:4200/" "Mozilla/5.0 (Windows NT 10.0; Win64; x64) AppleWebKit/537.36 (KHTML, like Gecko) Chrome/88.0.4324.146 Safari/537.36"
::1 - - [09/Feb/2021:12:19:35 +0000] "GET /status HTTP/1.1" 401 62 "http://localhost:4200/" "Mozilla/5.0 (Windows NT 10.0; Win64; x64) AppleWebKit/537.36 (KHTML, like Gecko) Chrome/88.0.4324.146 Safari/537.36"
::1 - - [09/Feb/2021:12:19:36 +0000] "OPTIONS /favourites HTTP/1.1" 200 8 "http://localhost:4200/" "Mozilla/5.0 (Windows NT 10.0; Win64; x64) AppleWebKit/537.36 (KHTML, like Gecko) Chrome/88.0.4324.146 Safari/537.36"
::1 - - [09/Feb/2021:12:19:36 +0000] "OPTIONS /product HTTP/1.1" 200 13 "http://localhost:4200/" "Mozilla/5.0 (Windows NT 10.0; Win64; x64) AppleWebKit/537.36 (KHTML, like Gecko) Chrome/88.0.4324.146 Safari/537.36"
::1 - - [09/Feb/2021:12:19:36 +0000] "GET /product HTTP/1.1" 200 - "http://localhost:4200/" "Mozilla/5.0 (Windows NT 10.0; Win64; x64) AppleWebKit/537.36 (KHTML, like Gecko) Chrome/88.0.4324.146 Safari/537.36"
::1 - - [09/Feb/2021:12:19:36 +0000] "GET /favourites HTTP/1.1" 200 194 "http://localhost:4200/" "Mozilla/5.0 (Windows NT 10.0; Win64; x64) AppleWebKit/537.36 (KHTML, like Gecko) Chrome/88.0.4324.146 Safari/537.36"
::1 - - [09/Feb/2021:12:19:36 +0000] "GET /images/5fe112f0897b742c70949c4d/1612218353363-mac.jpg HTTP/1.1" 200 13482 "http://localhost:4200/" "Mozilla/5.0 (Windows NT 10.0; Win64; x64) AppleWebKit/537.36 (KHTML, like Gecko) Chrome/88.0.4324.146 Safari/537.36"
::1 - - [09/Feb/2021:12:19:36 +0000] "GET /images/5fe10cb5ee27d23bf0493b71/1612219168593-dell-xps.jpg HTTP/1.1" 200 19387 "http://localhost:4200/" "Mozilla/5.0 (Windows NT 10.0; Win64; x64) AppleWebKit/537.36 (KHTML, like Gecko) Chrome/88.0.4324.146 Safari/537.36"
::1 - - [09/Feb/2021:12:19:36 +0000] "GET /images/5fe9fd223619c440bc37af11/1612550861234-iphone_img_1.jpg HTTP/1.1" 200 336733 "http://localhost:4200/" "Mozilla/5.0 (Windows NT 10.0; Win64; x64) AppleWebKit/537.36 (KHTML, like Gecko) Chrome/88.0.4324.146 Safari/537.36"
::1 - - [09/Feb/2021:12:19:36 +0000] "GET /images/601c609c9eef0b312096b2bf/1612472476529-vlcsnap-2020-10-05-00h38m16s908.png HTTP/1.1" 200 585539 "http://localhost:4200/" "Mozilla/5.0 (Windows NT 10.0; Win64; x64) AppleWebKit/537.36 (KHTML, like Gecko) Chrome/88.0.4324.146 Safari/537.36"
::1 - - [09/Feb/2021:12:19:42 +0000] "GET /images/5fe10cb5ee27d23bf0493b71/1612219168593-dell-xps.jpg HTTP/1.1" 200 19387 "http://localhost:4200/" "Mozilla/5.0 (Windows NT 10.0; Win64; x64) AppleWebKit/537.36 (KHTML, like Gecko) Chrome/88.0.4324.146 Safari/537.36"
::1 - - [09/Feb/2021:12:19:46 +0000] "GET /images/5fe112f0897b742c70949c4d/1612218353363-mac.jpg HTTP/1.1" 200 13482 "http://localhost:4200/" "Mozilla/5.0 (Windows NT 10.0; Win64; x64) AppleWebKit/537.36 (KHTML, like Gecko) Chrome/88.0.4324.146 Safari/537.36"
::1 - - [09/Feb/2021:12:19:53 +0000] "OPTIONS /product/601c609c9eef0b312096b2bf HTTP/1.1" 200 19 "http://localhost:4200/" "Mozilla/5.0 (Windows NT 10.0; Win64; x64) AppleWebKit/537.36 (KHTML, like Gecko) Chrome/88.0.4324.146 Safari/537.36"
::1 - - [09/Feb/2021:12:19:53 +0000] "GET /product/601c609c9eef0b312096b2bf HTTP/1.1" 200 269 "http://localhost:4200/" "Mozilla/5.0 (Windows NT 10.0; Win64; x64) AppleWebKit/537.36 (KHTML, like Gecko) Chrome/88.0.4324.146 Safari/537.36"
::1 - - [09/Feb/2021:12:20:00 +0000] "OPTIONS /favourites HTTP/1.1" 200 8 "http://localhost:4200/" "Mozilla/5.0 (Windows NT 10.0; Win64; x64) AppleWebKit/537.36 (KHTML, like Gecko) Chrome/88.0.4324.146 Safari/537.36"
::1 - - [09/Feb/2021:12:20:00 +0000] "OPTIONS /product HTTP/1.1" 200 13 "http://localhost:4200/" "Mozilla/5.0 (Windows NT 10.0; Win64; x64) AppleWebKit/537.36 (KHTML, like Gecko) Chrome/88.0.4324.146 Safari/537.36"
::1 - - [09/Feb/2021:12:20:01 +0000] "GET /product HTTP/1.1" 304 - "http://localhost:4200/" "Mozilla/5.0 (Windows NT 10.0; Win64; x64) AppleWebKit/537.36 (KHTML, like Gecko) Chrome/88.0.4324.146 Safari/537.36"
::1 - - [09/Feb/2021:12:20:01 +0000] "GET /favourites HTTP/1.1" 304 - "http://localhost:4200/" "Mozilla/5.0 (Windows NT 10.0; Win64; x64) AppleWebKit/537.36 (KHTML, like Gecko) Chrome/88.0.4324.146 Safari/537.36"
::1 - - [09/Feb/2021:12:20:01 +0000] "GET /images/5fe10cb5ee27d23bf0493b71/1612219168593-dell-xps.jpg HTTP/1.1" 304 - "http://localhost:4200/" "Mozilla/5.0 (Windows NT 10.0; Win64; x64) AppleWebKit/537.36 (KHTML, like Gecko) Chrome/88.0.4324.146 Safari/537.36"
::1 - - [09/Feb/2021:12:20:01 +0000] "GET /images/5fe112f0897b742c70949c4d/1612218353363-mac.jpg HTTP/1.1" 304 - "http://localhost:4200/" "Mozilla/5.0 (Windows NT 10.0; Win64; x64) AppleWebKit/537.36 (KHTML, like Gecko) Chrome/88.0.4324.146 Safari/537.36"
::1 - - [09/Feb/2021:12:20:08 +0000] "OPTIONS /login HTTP/1.1" 200 4 "http://localhost:4200/" "Mozilla/5.0 (Windows NT 10.0; Win64; x64) AppleWebKit/537.36 (KHTML, like Gecko) Chrome/88.0.4324.146 Safari/537.36"
::1 - - [09/Feb/2021:12:20:08 +0000] "POST /login HTTP/1.1" 201 185 "http://localhost:4200/" "Mozilla/5.0 (Windows NT 10.0; Win64; x64) AppleWebKit/537.36 (KHTML, like Gecko) Chrome/88.0.4324.146 Safari/537.36"
::1 - - [09/Feb/2021:12:20:12 +0000] "OPTIONS /product HTTP/1.1" 200 13 "http://localhost:4200/" "Mozilla/5.0 (Windows NT 10.0; Win64; x64) AppleWebKit/537.36 (KHTML, like Gecko) Chrome/88.0.4324.146 Safari/537.36"
::1 - - [09/Feb/2021:12:20:13 +0000] "GET /product HTTP/1.1" 304 - "http://localhost:4200/" "Mozilla/5.0 (Windows NT 10.0; Win64; x64) AppleWebKit/537.36 (KHTML, like Gecko) Chrome/88.0.4324.146 Safari/537.36"
::1 - - [09/Feb/2021:12:20:16 +0000] "OPTIONS /product/601c609c9eef0b312096b2bf HTTP/1.1" 200 19 "http://localhost:4200/" "Mozilla/5.0 (Windows NT 10.0; Win64; x64) AppleWebKit/537.36 (KHTML, like Gecko) Chrome/88.0.4324.146 Safari/537.36"
::1 - - [09/Feb/2021:12:20:16 +0000] "DELETE /product/601c609c9eef0b312096b2bf HTTP/1.1" 200 40 "http://localhost:4200/" "Mozilla/5.0 (Windows NT 10.0; Win64; x64) AppleWebKit/537.36 (KHTML, like Gecko) Chrome/88.0.4324.146 Safari/537.36"
::1 - - [09/Feb/2021:12:20:17 +0000] "OPTIONS /status HTTP/1.1" 200 8 "http://localhost:4200/" "Mozilla/5.0 (Windows NT 10.0; Win64; x64) AppleWebKit/537.36 (KHTML, like Gecko) Chrome/88.0.4324.146 Safari/537.36"
::1 - - [09/Feb/2021:12:20:17 +0000] "GET /status HTTP/1.1" 200 42 "http://localhost:4200/" "Mozilla/5.0 (Windows NT 10.0; Win64; x64) AppleWebKit/537.36 (KHTML, like Gecko) Chrome/88.0.4324.146 Safari/537.36"
::1 - - [09/Feb/2021:12:20:17 +0000] "GET /product HTTP/1.1" 200 - "http://localhost:4200/" "Mozilla/5.0 (Windows NT 10.0; Win64; x64) AppleWebKit/537.36 (KHTML, like Gecko) Chrome/88.0.4324.146 Safari/537.36"
::1 - - [09/Feb/2021:12:20:17 +0000] "GET /images/5fe10cb5ee27d23bf0493b71/1612219168593-dell-xps.jpg HTTP/1.1" 304 - "http://localhost:4200/" "Mozilla/5.0 (Windows NT 10.0; Win64; x64) AppleWebKit/537.36 (KHTML, like Gecko) Chrome/88.0.4324.146 Safari/537.36"
::1 - - [09/Feb/2021:12:20:17 +0000] "GET /images/5fe112f0897b742c70949c4d/1612218353363-mac.jpg HTTP/1.1" 304 - "http://localhost:4200/" "Mozilla/5.0 (Windows NT 10.0; Win64; x64) AppleWebKit/537.36 (KHTML, like Gecko) Chrome/88.0.4324.146 Safari/537.36"
::1 - - [09/Feb/2021:12:20:17 +0000] "GET /images/5fe9fd223619c440bc37af11/1612550861234-iphone_img_1.jpg HTTP/1.1" 304 - "http://localhost:4200/" "Mozilla/5.0 (Windows NT 10.0; Win64; x64) AppleWebKit/537.36 (KHTML, like Gecko) Chrome/88.0.4324.146 Safari/537.36"
::1 - - [09/Feb/2021:12:20:19 +0000] "OPTIONS /favourites HTTP/1.1" 200 8 "http://localhost:4200/" "Mozilla/5.0 (Windows NT 10.0; Win64; x64) AppleWebKit/537.36 (KHTML, like Gecko) Chrome/88.0.4324.146 Safari/537.36"
::1 - - [09/Feb/2021:12:20:19 +0000] "OPTIONS /product HTTP/1.1" 200 13 "http://localhost:4200/" "Mozilla/5.0 (Windows NT 10.0; Win64; x64) AppleWebKit/537.36 (KHTML, like Gecko) Chrome/88.0.4324.146 Safari/537.36"
::1 - - [09/Feb/2021:12:20:19 +0000] "GET /product HTTP/1.1" 304 - "http://localhost:4200/" "Mozilla/5.0 (Windows NT 10.0; Win64; x64) AppleWebKit/537.36 (KHTML, like Gecko) Chrome/88.0.4324.146 Safari/537.36"
::1 - - [09/Feb/2021:12:20:19 +0000] "GET /favourites HTTP/1.1" 304 - "http://localhost:4200/" "Mozilla/5.0 (Windows NT 10.0; Win64; x64) AppleWebKit/537.36 (KHTML, like Gecko) Chrome/88.0.4324.146 Safari/537.36"
